<?xml version="1.0" encoding="UTF-8"?>
<coverage generated="1773955414064" clover="3.2.0">
  <project timestamp="1773955414065" name="All files">
    <metrics statements="78" coveredstatements="78" conditionals="24" coveredconditionals="20" methods="65" coveredmethods="65" elements="167" coveredelements="163" complexity="0" loc="78" ncloc="78" packages="1" files="1" classes="1"/>
    <file name="KiwiSaver.svelte" path="/workspace/sveltekit-project/src/lib/components/KiwiSaver.svelte">
      <metrics statements="78" coveredstatements="78" conditionals="24" coveredconditionals="20" methods="65" coveredmethods="65"/>
      <line num="17" count="8" type="stmt"/>
      <line num="20" count="8" type="stmt"/>
      <line num="21" count="8" type="stmt"/>
      <line num="22" count="8" type="stmt"/>
      <line num="23" count="8" type="stmt"/>
      <line num="24" count="8" type="stmt"/>
      <line num="25" count="8" type="stmt"/>
      <line num="26" count="8" type="stmt"/>
      <line num="27" count="8" type="stmt"/>
      <line num="28" count="8" type="stmt"/>
      <line num="29" count="8" type="stmt"/>
      <line num="30" count="8" type="stmt"/>
      <line num="33" count="8" type="stmt"/>
      <line num="34" count="8" type="stmt"/>
      <line num="35" count="8" type="stmt"/>
      <line num="36" count="8" type="stmt"/>
      <line num="37" count="8" type="stmt"/>
      <line num="39" count="8" type="stmt"/>
      <line num="40" count="14" type="cond" truecount="4" falsecount="0"/>
      <line num="41" count="2" type="stmt"/>
      <line num="42" count="2" type="stmt"/>
      <line num="44" count="14" type="stmt"/>
      <line num="47" count="9" type="cond" truecount="1" falsecount="1"/>
      <line num="48" count="9" type="cond" truecount="1" falsecount="1"/>
      <line num="50" count="8" type="stmt"/>
      <line num="59" count="8" type="stmt"/>
      <line num="68" count="9" type="cond" truecount="1" falsecount="1"/>
      <line num="69" count="8" type="stmt"/>
      <line num="71" count="8" type="stmt"/>
      <line num="72" count="9" type="cond" truecount="3" falsecount="1"/>
      <line num="78" count="8" type="stmt"/>
      <line num="79" count="8" type="stmt"/>
      <line num="80" count="8" type="stmt"/>
      <line num="81" count="8" type="stmt"/>
      <line num="82" count="8" type="stmt"/>
      <line num="83" count="8" type="stmt"/>
      <line num="84" count="9" type="cond" truecount="2" falsecount="0"/>
      <line num="85" count="8" type="stmt"/>
      <line num="88" count="9" type="cond" truecount="2" falsecount="0"/>
      <line num="89" count="8" type="stmt"/>
      <line num="90" count="8" type="stmt"/>
      <line num="92" count="8" type="stmt"/>
      <line num="94" count="8" type="stmt"/>
      <line num="95" count="8" type="stmt"/>
      <line num="96" count="8" type="stmt"/>
      <line num="97" count="8" type="stmt"/>
      <line num="100" count="21" type="stmt"/>
      <line num="101" count="25" type="stmt"/>
      <line num="102" count="1" type="stmt"/>
      <line num="103" count="8" type="stmt"/>
      <line num="106" count="8" type="stmt"/>
      <line num="107" count="8" type="stmt"/>
      <line num="111" count="18" type="stmt"/>
      <line num="112" count="4" type="cond" truecount="2" falsecount="0"/>
      <line num="113" count="10" type="stmt"/>
      <line num="115" count="8" type="stmt"/>
      <line num="116" count="8" type="stmt"/>
      <line num="117" count="8" type="stmt"/>
      <line num="121" count="8" type="stmt"/>
      <line num="122" count="8" type="stmt"/>
      <line num="123" count="8" type="stmt"/>
      <line num="126" count="8" type="stmt"/>
      <line num="127" count="8" type="stmt"/>
      <line num="128" count="8" type="stmt"/>
      <line num="133" count="9" type="cond" truecount="2" falsecount="0"/>
      <line num="134" count="8" type="stmt"/>
      <line num="135" count="8" type="stmt"/>
      <line num="136" count="8" type="stmt"/>
      <line num="137" count="8" type="stmt"/>
      <line num="141" count="8" type="stmt"/>
      <line num="142" count="8" type="stmt"/>
      <line num="143" count="8" type="stmt"/>
      <line num="144" count="8" type="stmt"/>
      <line num="145" count="8" type="stmt"/>
      <line num="146" count="24" type="stmt"/>
      <line num="151" count="8" type="stmt"/>
      <line num="152" count="8" type="stmt"/>
      <line num="153" count="8" type="stmt"/>
    </file>
  </project>
</coverage>
