{"/workspace/sveltekit-project/src/lib/components/KiwiSaver.svelte": {"path":"/workspace/sveltekit-project/src/lib/components/KiwiSaver.svelte","statementMap":{"0":{"start":{"line":16,"column":70},"end":{"line":16,"column":null}},"1":{"start":{"line":23,"column":20},"end":{"line":23,"column":null}},"2":{"start":{"line":24,"column":20},"end":{"line":24,"column":null}},"3":{"start":{"line":31,"column":25},"end":{"line":36,"column":null}},"4":{"start":{"line":40,"column":22},"end":{"line":40,"column":null}},"5":{"start":{"line":40,"column":1},"end":{"line":41,"column":null}},"6":{"start":{"line":41,"column":10},"end":{"line":41,"column":null}},"7":{"start":{"line":41,"column":5},"end":{"line":41,"column":null}},"8":{"start":{"line":42,"column":5},"end":{"line":90,"column":null}},"9":{"start":{"line":43,"column":52},"end":{"line":43,"column":66}},"10":{"start":{"line":43,"column":9},"end":{"line":43,"column":null}},"11":{"start":{"line":43,"column":66},"end":{"line":43,"column":null}},"12":{"start":{"line":43,"column":66},"end":{"line":43,"column":68}},"13":{"start":{"line":44,"column":9},"end":{"line":90,"column":null}},"14":{"start":{"line":45,"column":30},"end":{"line":45,"column":null}},"15":{"start":{"line":45,"column":13},"end":{"line":46,"column":83}},"16":{"start":{"line":46,"column":83},"end":{"line":46,"column":null}},"17":{"start":{"line":46,"column":17},"end":{"line":46,"column":83}},"18":{"start":{"line":48,"column":30},"end":{"line":48,"column":null}},"19":{"start":{"line":48,"column":13},"end":{"line":49,"column":106}},"20":{"start":{"line":49,"column":106},"end":{"line":49,"column":null}},"21":{"start":{"line":49,"column":17},"end":{"line":49,"column":106}},"22":{"start":{"line":51,"column":30},"end":{"line":51,"column":null}},"23":{"start":{"line":51,"column":13},"end":{"line":52,"column":105}},"24":{"start":{"line":52,"column":105},"end":{"line":52,"column":null}},"25":{"start":{"line":52,"column":17},"end":{"line":52,"column":105}},"26":{"start":{"line":55,"column":13},"end":{"line":74,"column":null}},"27":{"start":{"line":56,"column":17},"end":{"line":74,"column":null}},"28":{"start":{"line":57,"column":21},"end":{"line":57,"column":null}},"29":{"start":{"line":57,"column":38},"end":{"line":57,"column":null}},"30":{"start":{"line":57,"column":38},"end":{"line":57,"column":40}},"31":{"start":{"line":58,"column":21},"end":{"line":74,"column":null}},"32":{"start":{"line":59,"column":25},"end":{"line":74,"column":null}},"33":{"start":{"line":60,"column":29},"end":{"line":65,"column":null}},"34":{"start":{"line":61,"column":33},"end":{"line":61,"column":null}},"35":{"start":{"line":61,"column":69},"end":{"line":61,"column":null}},"36":{"start":{"line":61,"column":69},"end":{"line":61,"column":71}},"37":{"start":{"line":66,"column":47},"end":{"line":66,"column":null}},"38":{"start":{"line":65,"column":48},"end":{"line":65,"column":null}},"39":{"start":{"line":62,"column":33},"end":{"line":65,"column":null}},"40":{"start":{"line":69,"column":29},"end":{"line":74,"column":null}},"41":{"start":{"line":70,"column":33},"end":{"line":70,"column":null}},"42":{"start":{"line":70,"column":69},"end":{"line":70,"column":null}},"43":{"start":{"line":70,"column":69},"end":{"line":70,"column":71}},"44":{"start":{"line":75,"column":47},"end":{"line":75,"column":null}},"45":{"start":{"line":74,"column":48},"end":{"line":74,"column":null}},"46":{"start":{"line":71,"column":33},"end":{"line":74,"column":null}},"47":{"start":{"line":83,"column":79},"end":{"line":83,"column":null}},"48":{"start":{"line":83,"column":13},"end":{"line":85,"column":null}},"49":{"start":{"line":84,"column":17},"end":{"line":84,"column":null}},"50":{"start":{"line":84,"column":41},"end":{"line":84,"column":null}},"51":{"start":{"line":84,"column":41},"end":{"line":84,"column":43}},"52":{"start":{"line":85,"column":17},"end":{"line":85,"column":null}},"53":{"start":{"line":88,"column":79},"end":{"line":88,"column":null}},"54":{"start":{"line":88,"column":13},"end":{"line":90,"column":null}},"55":{"start":{"line":89,"column":17},"end":{"line":89,"column":null}},"56":{"start":{"line":89,"column":53},"end":{"line":89,"column":null}},"57":{"start":{"line":89,"column":53},"end":{"line":89,"column":55}},"58":{"start":{"line":90,"column":17},"end":{"line":90,"column":null}},"59":{"start":{"line":95,"column":5},"end":{"line":98,"column":81}},"60":{"start":{"line":96,"column":52},"end":{"line":96,"column":66}},"61":{"start":{"line":96,"column":9},"end":{"line":96,"column":null}},"62":{"start":{"line":96,"column":66},"end":{"line":96,"column":null}},"63":{"start":{"line":96,"column":66},"end":{"line":96,"column":68}},"64":{"start":{"line":97,"column":26},"end":{"line":97,"column":null}},"65":{"start":{"line":97,"column":9},"end":{"line":98,"column":81}},"66":{"start":{"line":98,"column":81},"end":{"line":98,"column":null}},"67":{"start":{"line":98,"column":13},"end":{"line":98,"column":81}},"68":{"start":{"line":102,"column":5},"end":{"line":107,"column":null}},"69":{"start":{"line":103,"column":52},"end":{"line":103,"column":66}},"70":{"start":{"line":103,"column":9},"end":{"line":103,"column":null}},"71":{"start":{"line":103,"column":66},"end":{"line":103,"column":null}},"72":{"start":{"line":103,"column":66},"end":{"line":103,"column":68}},"73":{"start":{"line":104,"column":9},"end":{"line":107,"column":null}},"74":{"start":{"line":105,"column":13},"end":{"line":105,"column":null}},"75":{"start":{"line":105,"column":45},"end":{"line":105,"column":null}},"76":{"start":{"line":105,"column":45},"end":{"line":105,"column":47}},"77":{"start":{"line":106,"column":30},"end":{"line":106,"column":null}},"78":{"start":{"line":106,"column":13},"end":{"line":107,"column":null}},"79":{"start":{"line":107,"column":17},"end":{"line":107,"column":null}},"80":{"start":{"line":107,"column":64},"end":{"line":107,"column":null}},"81":{"start":{"line":112,"column":5},"end":{"line":114,"column":null}},"82":{"start":{"line":113,"column":86},"end":{"line":113,"column":97}},"83":{"start":{"line":113,"column":9},"end":{"line":113,"column":null}},"84":{"start":{"line":113,"column":97},"end":{"line":113,"column":null}},"85":{"start":{"line":113,"column":97},"end":{"line":113,"column":99}},"86":{"start":{"line":114,"column":75},"end":{"line":114,"column":86}},"87":{"start":{"line":114,"column":9},"end":{"line":114,"column":null}},"88":{"start":{"line":114,"column":86},"end":{"line":114,"column":null}},"89":{"start":{"line":114,"column":86},"end":{"line":114,"column":88}}},"fnMap":{"0":{"name":"KiwiSaver","decl":{"start":{"line":1,"column":0},"end":{"line":1,"column":null}},"loc":{"start":{"line":1,"column":0},"end":{"line":38,"column":null}},"line":1},"1":{"name":"(anonymous_1)","decl":{"start":{"line":40,"column":1},"end":{"line":40,"column":10}},"loc":{"start":{"line":40,"column":1},"end":{"line":41,"column":null}},"line":40},"2":{"name":"(anonymous_2)","decl":{"start":{"line":42,"column":5},"end":{"line":42,"column":9}},"loc":{"start":{"line":42,"column":5},"end":{"line":90,"column":null}},"line":42},"3":{"name":"(anonymous_3)","decl":{"start":{"line":43,"column":9},"end":{"line":43,"column":19}},"loc":{"start":{"line":43,"column":9},"end":{"line":43,"column":null}},"line":43},"4":{"name":"(anonymous_4)","decl":{"start":{"line":43,"column":66},"end":{"line":43,"column":68}},"loc":{"start":{"line":43,"column":66},"end":{"line":43,"column":68}},"line":43},"5":{"name":"(anonymous_5)","decl":{"start":{"line":44,"column":9},"end":{"line":44,"column":14}},"loc":{"start":{"line":44,"column":9},"end":{"line":90,"column":null}},"line":44},"6":{"name":"(anonymous_6)","decl":{"start":{"line":45,"column":13},"end":{"line":45,"column":18}},"loc":{"start":{"line":45,"column":13},"end":{"line":46,"column":83}},"line":45},"7":{"name":"(anonymous_7)","decl":{"start":{"line":46,"column":83},"end":{"line":46,"column":85}},"loc":{"start":{"line":46,"column":83},"end":{"line":46,"column":null}},"line":46},"8":{"name":"(anonymous_8)","decl":{"start":{"line":46,"column":17},"end":{"line":46,"column":25}},"loc":{"start":{"line":46,"column":17},"end":{"line":46,"column":83}},"line":46},"9":{"name":"(anonymous_9)","decl":{"start":{"line":48,"column":13},"end":{"line":48,"column":18}},"loc":{"start":{"line":48,"column":13},"end":{"line":49,"column":106}},"line":48},"10":{"name":"(anonymous_10)","decl":{"start":{"line":49,"column":106},"end":{"line":49,"column":108}},"loc":{"start":{"line":49,"column":106},"end":{"line":49,"column":null}},"line":49},"11":{"name":"(anonymous_11)","decl":{"start":{"line":49,"column":17},"end":{"line":49,"column":25}},"loc":{"start":{"line":49,"column":17},"end":{"line":49,"column":106}},"line":49},"12":{"name":"(anonymous_12)","decl":{"start":{"line":51,"column":13},"end":{"line":51,"column":18}},"loc":{"start":{"line":51,"column":13},"end":{"line":52,"column":105}},"line":51},"13":{"name":"(anonymous_13)","decl":{"start":{"line":52,"column":105},"end":{"line":52,"column":107}},"loc":{"start":{"line":52,"column":105},"end":{"line":52,"column":null}},"line":52},"14":{"name":"(anonymous_14)","decl":{"start":{"line":52,"column":17},"end":{"line":52,"column":25}},"loc":{"start":{"line":52,"column":17},"end":{"line":52,"column":105}},"line":52},"15":{"name":"(anonymous_15)","decl":{"start":{"line":55,"column":13},"end":{"line":55,"column":22}},"loc":{"start":{"line":55,"column":13},"end":{"line":74,"column":null}},"line":55},"16":{"name":"(anonymous_16)","decl":{"start":{"line":56,"column":17},"end":{"line":56,"column":30}},"loc":{"start":{"line":56,"column":17},"end":{"line":74,"column":null}},"line":56},"17":{"name":"(anonymous_17)","decl":{"start":{"line":57,"column":21},"end":{"line":57,"column":36}},"loc":{"start":{"line":57,"column":21},"end":{"line":57,"column":null}},"line":57},"18":{"name":"(anonymous_18)","decl":{"start":{"line":57,"column":38},"end":{"line":57,"column":40}},"loc":{"start":{"line":57,"column":38},"end":{"line":57,"column":40}},"line":57},"19":{"name":"(anonymous_19)","decl":{"start":{"line":58,"column":21},"end":{"line":58,"column":37}},"loc":{"start":{"line":58,"column":21},"end":{"line":74,"column":null}},"line":58},"20":{"name":"(anonymous_20)","decl":{"start":{"line":59,"column":25},"end":{"line":59,"column":30}},"loc":{"start":{"line":59,"column":25},"end":{"line":74,"column":null}},"line":59},"21":{"name":"(anonymous_21)","decl":{"start":{"line":60,"column":29},"end":{"line":60,"column":34}},"loc":{"start":{"line":60,"column":29},"end":{"line":65,"column":null}},"line":60},"22":{"name":"(anonymous_22)","decl":{"start":{"line":61,"column":33},"end":{"line":61,"column":38}},"loc":{"start":{"line":61,"column":33},"end":{"line":61,"column":null}},"line":61},"23":{"name":"(anonymous_23)","decl":{"start":{"line":61,"column":69},"end":{"line":61,"column":71}},"loc":{"start":{"line":61,"column":69},"end":{"line":61,"column":71}},"line":61},"24":{"name":"(anonymous_24)","decl":{"start":{"line":62,"column":33},"end":{"line":62,"column":null}},"loc":{"start":{"line":62,"column":33},"end":{"line":65,"column":null}},"line":62},"25":{"name":"(anonymous_25)","decl":{"start":{"line":65,"column":36},"end":{"line":65,"column":46}},"loc":{"start":{"line":65,"column":46},"end":{"line":65,"column":null}},"line":65},"26":{"name":"(anonymous_26)","decl":{"start":{"line":69,"column":29},"end":{"line":69,"column":34}},"loc":{"start":{"line":69,"column":29},"end":{"line":74,"column":null}},"line":69},"27":{"name":"(anonymous_27)","decl":{"start":{"line":70,"column":33},"end":{"line":70,"column":38}},"loc":{"start":{"line":70,"column":33},"end":{"line":70,"column":null}},"line":70},"28":{"name":"(anonymous_28)","decl":{"start":{"line":70,"column":69},"end":{"line":70,"column":71}},"loc":{"start":{"line":70,"column":69},"end":{"line":70,"column":71}},"line":70},"29":{"name":"(anonymous_29)","decl":{"start":{"line":71,"column":33},"end":{"line":71,"column":null}},"loc":{"start":{"line":71,"column":33},"end":{"line":74,"column":null}},"line":71},"30":{"name":"(anonymous_30)","decl":{"start":{"line":74,"column":36},"end":{"line":74,"column":46}},"loc":{"start":{"line":74,"column":46},"end":{"line":74,"column":null}},"line":74},"31":{"name":"(anonymous_31)","decl":{"start":{"line":83,"column":13},"end":{"line":83,"column":18}},"loc":{"start":{"line":83,"column":13},"end":{"line":85,"column":null}},"line":83},"32":{"name":"(anonymous_32)","decl":{"start":{"line":84,"column":17},"end":{"line":84,"column":22}},"loc":{"start":{"line":84,"column":17},"end":{"line":84,"column":null}},"line":84},"33":{"name":"(anonymous_33)","decl":{"start":{"line":84,"column":41},"end":{"line":84,"column":43}},"loc":{"start":{"line":84,"column":41},"end":{"line":84,"column":43}},"line":84},"34":{"name":"(anonymous_34)","decl":{"start":{"line":85,"column":17},"end":{"line":85,"column":23}},"loc":{"start":{"line":85,"column":17},"end":{"line":85,"column":null}},"line":85},"35":{"name":"(anonymous_35)","decl":{"start":{"line":88,"column":13},"end":{"line":88,"column":18}},"loc":{"start":{"line":88,"column":13},"end":{"line":90,"column":null}},"line":88},"36":{"name":"(anonymous_36)","decl":{"start":{"line":89,"column":17},"end":{"line":89,"column":22}},"loc":{"start":{"line":89,"column":17},"end":{"line":89,"column":null}},"line":89},"37":{"name":"(anonymous_37)","decl":{"start":{"line":89,"column":53},"end":{"line":89,"column":55}},"loc":{"start":{"line":89,"column":53},"end":{"line":89,"column":55}},"line":89},"38":{"name":"(anonymous_38)","decl":{"start":{"line":90,"column":17},"end":{"line":90,"column":23}},"loc":{"start":{"line":90,"column":17},"end":{"line":90,"column":null}},"line":90},"39":{"name":"(anonymous_39)","decl":{"start":{"line":95,"column":5},"end":{"line":95,"column":9}},"loc":{"start":{"line":95,"column":5},"end":{"line":98,"column":81}},"line":95},"40":{"name":"(anonymous_40)","decl":{"start":{"line":96,"column":9},"end":{"line":96,"column":19}},"loc":{"start":{"line":96,"column":9},"end":{"line":96,"column":null}},"line":96},"41":{"name":"(anonymous_41)","decl":{"start":{"line":96,"column":66},"end":{"line":96,"column":68}},"loc":{"start":{"line":96,"column":66},"end":{"line":96,"column":68}},"line":96},"42":{"name":"(anonymous_42)","decl":{"start":{"line":97,"column":9},"end":{"line":97,"column":14}},"loc":{"start":{"line":97,"column":9},"end":{"line":98,"column":81}},"line":97},"43":{"name":"(anonymous_43)","decl":{"start":{"line":98,"column":81},"end":{"line":98,"column":83}},"loc":{"start":{"line":98,"column":81},"end":{"line":98,"column":null}},"line":98},"44":{"name":"(anonymous_44)","decl":{"start":{"line":98,"column":13},"end":{"line":98,"column":21}},"loc":{"start":{"line":98,"column":13},"end":{"line":98,"column":81}},"line":98},"45":{"name":"(anonymous_45)","decl":{"start":{"line":102,"column":5},"end":{"line":102,"column":9}},"loc":{"start":{"line":102,"column":5},"end":{"line":107,"column":null}},"line":102},"46":{"name":"(anonymous_46)","decl":{"start":{"line":103,"column":9},"end":{"line":103,"column":19}},"loc":{"start":{"line":103,"column":9},"end":{"line":103,"column":null}},"line":103},"47":{"name":"(anonymous_47)","decl":{"start":{"line":103,"column":66},"end":{"line":103,"column":68}},"loc":{"start":{"line":103,"column":66},"end":{"line":103,"column":68}},"line":103},"48":{"name":"(anonymous_48)","decl":{"start":{"line":104,"column":9},"end":{"line":104,"column":14}},"loc":{"start":{"line":104,"column":9},"end":{"line":107,"column":null}},"line":104},"49":{"name":"(anonymous_49)","decl":{"start":{"line":105,"column":13},"end":{"line":105,"column":18}},"loc":{"start":{"line":105,"column":13},"end":{"line":105,"column":null}},"line":105},"50":{"name":"(anonymous_50)","decl":{"start":{"line":105,"column":45},"end":{"line":105,"column":47}},"loc":{"start":{"line":105,"column":45},"end":{"line":105,"column":47}},"line":105},"51":{"name":"(anonymous_51)","decl":{"start":{"line":106,"column":13},"end":{"line":106,"column":18}},"loc":{"start":{"line":106,"column":13},"end":{"line":107,"column":null}},"line":106},"52":{"name":"(anonymous_52)","decl":{"start":{"line":107,"column":17},"end":{"line":107,"column":23}},"loc":{"start":{"line":107,"column":17},"end":{"line":107,"column":null}},"line":107},"53":{"name":"(anonymous_53)","decl":{"start":{"line":112,"column":5},"end":{"line":112,"column":10}},"loc":{"start":{"line":112,"column":5},"end":{"line":114,"column":null}},"line":112},"54":{"name":"(anonymous_54)","decl":{"start":{"line":113,"column":9},"end":{"line":113,"column":15}},"loc":{"start":{"line":113,"column":9},"end":{"line":113,"column":null}},"line":113},"55":{"name":"(anonymous_55)","decl":{"start":{"line":113,"column":97},"end":{"line":113,"column":99}},"loc":{"start":{"line":113,"column":97},"end":{"line":113,"column":99}},"line":113},"56":{"name":"(anonymous_56)","decl":{"start":{"line":114,"column":9},"end":{"line":114,"column":15}},"loc":{"start":{"line":114,"column":9},"end":{"line":114,"column":null}},"line":114},"57":{"name":"(anonymous_57)","decl":{"start":{"line":114,"column":86},"end":{"line":114,"column":88}},"loc":{"start":{"line":114,"column":86},"end":{"line":114,"column":88}},"line":114},"58":{"name":"(anonymous_58)","decl":{"start":{"line":41,"column":5},"end":{"line":41,"column":10}},"loc":{"start":{"line":41,"column":5},"end":{"line":41,"column":null}},"line":41}},"branchMap":{},"s":{"0":2,"1":2,"2":2,"3":2,"4":2,"5":2,"6":2,"7":2,"8":2,"9":2,"10":2,"11":2,"12":2,"13":2,"14":2,"15":2,"16":2,"17":2,"18":2,"19":2,"20":2,"21":2,"22":2,"23":2,"24":2,"25":2,"26":2,"27":2,"28":2,"29":2,"30":2,"31":2,"32":2,"33":2,"34":2,"35":2,"36":2,"37":2,"38":0,"39":2,"40":2,"41":2,"42":2,"43":2,"44":2,"45":0,"46":2,"47":2,"48":2,"49":2,"50":2,"51":2,"52":2,"53":2,"54":2,"55":2,"56":2,"57":2,"58":2,"59":2,"60":2,"61":2,"62":2,"63":2,"64":2,"65":2,"66":2,"67":2,"68":2,"69":2,"70":2,"71":2,"72":2,"73":2,"74":2,"75":2,"76":2,"77":2,"78":2,"79":2,"80":4,"81":2,"82":2,"83":2,"84":2,"85":2,"86":2,"87":2,"88":2,"89":2},"f":{"0":2,"1":2,"2":2,"3":2,"4":4,"5":2,"6":2,"7":2,"8":2,"9":2,"10":2,"11":2,"12":2,"13":2,"14":2,"15":2,"16":2,"17":2,"18":4,"19":2,"20":2,"21":2,"22":2,"23":4,"24":2,"25":4,"26":2,"27":2,"28":4,"29":2,"30":4,"31":2,"32":2,"33":4,"34":2,"35":2,"36":2,"37":4,"38":2,"39":2,"40":2,"41":4,"42":2,"43":2,"44":2,"45":2,"46":2,"47":4,"48":2,"49":2,"50":4,"51":2,"52":2,"53":2,"54":2,"55":4,"56":2,"57":4,"58":2},"b":{},"meta":{"lastBranch":0,"lastFunction":59,"lastStatement":90,"seen":{"f:1:0:1:Infinity":0,"s:16:70:16:Infinity":0,"s:23:20:23:Infinity":1,"s:24:20:24:Infinity":2,"s:31:25:36:Infinity":3,"s:40:22:40:Infinity":4,"f:40:1:40:10":1,"s:40:1:41:Infinity":5,"s:41:10:41:Infinity":6,"s:41:5:41:Infinity":7,"f:42:5:42:9":2,"s:42:5:90:Infinity":8,"s:43:52:43:66":9,"f:43:9:43:19":3,"s:43:9:43:Infinity":10,"s:43:66:43:Infinity":11,"f:43:66:43:68":4,"s:43:66:43:68":12,"f:44:9:44:14":5,"s:44:9:90:Infinity":13,"s:45:30:45:Infinity":14,"f:45:13:45:18":6,"s:45:13:46:83":15,"s:46:83:46:Infinity":16,"f:46:83:46:85":7,"f:46:17:46:25":8,"s:46:17:46:83":17,"s:48:30:48:Infinity":18,"f:48:13:48:18":9,"s:48:13:49:106":19,"s:49:106:49:Infinity":20,"f:49:106:49:108":10,"f:49:17:49:25":11,"s:49:17:49:106":21,"s:51:30:51:Infinity":22,"f:51:13:51:18":12,"s:51:13:52:105":23,"s:52:105:52:Infinity":24,"f:52:105:52:107":13,"f:52:17:52:25":14,"s:52:17:52:105":25,"f:55:13:55:22":15,"s:55:13:74:Infinity":26,"f:56:17:56:30":16,"s:56:17:74:Infinity":27,"f:57:21:57:36":17,"s:57:21:57:Infinity":28,"s:57:38:57:Infinity":29,"f:57:38:57:40":18,"s:57:38:57:40":30,"f:58:21:58:37":19,"s:58:21:74:Infinity":31,"f:59:25:59:30":20,"s:59:25:74:Infinity":32,"f:60:29:60:34":21,"s:60:29:65:Infinity":33,"f:61:33:61:38":22,"s:61:33:61:Infinity":34,"s:61:69:61:Infinity":35,"f:61:69:61:71":23,"s:61:69:61:71":36,"s:66:47:66:Infinity":37,"s:65:48:65:Infinity":38,"f:62:33:62:Infinity":24,"s:62:33:65:Infinity":39,"f:65:36:65:46":25,"f:69:29:69:34":26,"s:69:29:74:Infinity":40,"f:70:33:70:38":27,"s:70:33:70:Infinity":41,"s:70:69:70:Infinity":42,"f:70:69:70:71":28,"s:70:69:70:71":43,"s:75:47:75:Infinity":44,"s:74:48:74:Infinity":45,"f:71:33:71:Infinity":29,"s:71:33:74:Infinity":46,"f:74:36:74:46":30,"s:83:79:83:Infinity":47,"f:83:13:83:18":31,"s:83:13:85:Infinity":48,"f:84:17:84:22":32,"s:84:17:84:Infinity":49,"s:84:41:84:Infinity":50,"f:84:41:84:43":33,"s:84:41:84:43":51,"f:85:17:85:23":34,"s:85:17:85:Infinity":52,"s:88:79:88:Infinity":53,"f:88:13:88:18":35,"s:88:13:90:Infinity":54,"f:89:17:89:22":36,"s:89:17:89:Infinity":55,"s:89:53:89:Infinity":56,"f:89:53:89:55":37,"s:89:53:89:55":57,"f:90:17:90:23":38,"s:90:17:90:Infinity":58,"f:95:5:95:9":39,"s:95:5:98:81":59,"s:96:52:96:66":60,"f:96:9:96:19":40,"s:96:9:96:Infinity":61,"s:96:66:96:Infinity":62,"f:96:66:96:68":41,"s:96:66:96:68":63,"s:97:26:97:Infinity":64,"f:97:9:97:14":42,"s:97:9:98:81":65,"s:98:81:98:Infinity":66,"f:98:81:98:83":43,"f:98:13:98:21":44,"s:98:13:98:81":67,"f:102:5:102:9":45,"s:102:5:107:Infinity":68,"s:103:52:103:66":69,"f:103:9:103:19":46,"s:103:9:103:Infinity":70,"s:103:66:103:Infinity":71,"f:103:66:103:68":47,"s:103:66:103:68":72,"f:104:9:104:14":48,"s:104:9:107:Infinity":73,"f:105:13:105:18":49,"s:105:13:105:Infinity":74,"s:105:45:105:Infinity":75,"f:105:45:105:47":50,"s:105:45:105:47":76,"s:106:30:106:Infinity":77,"f:106:13:106:18":51,"s:106:13:107:Infinity":78,"f:107:17:107:23":52,"s:107:17:107:Infinity":79,"s:107:64:107:Infinity":80,"f:112:5:112:10":53,"s:112:5:114:Infinity":81,"s:113:86:113:97":82,"f:113:9:113:15":54,"s:113:9:113:Infinity":83,"s:113:97:113:Infinity":84,"f:113:97:113:99":55,"s:113:97:113:99":85,"s:114:75:114:86":86,"f:114:9:114:15":56,"s:114:9:114:Infinity":87,"s:114:86:114:Infinity":88,"f:114:86:114:88":57,"s:114:86:114:88":89,"f:41:5:41:10":58}}}
}
