{"/workspace/sveltekit-project/src/lib/components/KiwiSaver.svelte": {"path":"/workspace/sveltekit-project/src/lib/components/KiwiSaver.svelte","statementMap":{"0":{"start":{"line":17,"column":70},"end":{"line":17,"column":null}},"1":{"start":{"line":19,"column":21},"end":{"line":19,"column":null}},"2":{"start":{"line":21,"column":13},"end":{"line":24,"column":null}},"3":{"start":{"line":22,"column":12},"end":{"line":22,"column":null}},"4":{"start":{"line":23,"column":12},"end":{"line":23,"column":null}},"5":{"start":{"line":28,"column":10},"end":{"line":28,"column":null}},"6":{"start":{"line":29,"column":14},"end":{"line":29,"column":null}},"7":{"start":{"line":30,"column":31},"end":{"line":30,"column":null}},"8":{"start":{"line":31,"column":21},"end":{"line":31,"column":null}},"9":{"start":{"line":32,"column":25},"end":{"line":32,"column":null}},"10":{"start":{"line":33,"column":20},"end":{"line":33,"column":null}},"11":{"start":{"line":34,"column":20},"end":{"line":34,"column":null}},"12":{"start":{"line":35,"column":25},"end":{"line":35,"column":null}},"13":{"start":{"line":36,"column":29},"end":{"line":36,"column":null}},"14":{"start":{"line":37,"column":18},"end":{"line":37,"column":null}},"15":{"start":{"line":38,"column":16},"end":{"line":38,"column":null}},"16":{"start":{"line":39,"column":23},"end":{"line":39,"column":null}},"17":{"start":{"line":42,"column":35},"end":{"line":42,"column":null}},"18":{"start":{"line":43,"column":4},"end":{"line":43,"column":null}},"19":{"start":{"line":44,"column":4},"end":{"line":44,"column":null}},"20":{"start":{"line":45,"column":4},"end":{"line":45,"column":null}},"21":{"start":{"line":47,"column":4},"end":{"line":53,"column":null}},"22":{"start":{"line":48,"column":12},"end":{"line":51,"column":null}},"23":{"start":{"line":49,"column":12},"end":{"line":49,"column":null}},"24":{"start":{"line":50,"column":12},"end":{"line":50,"column":null}},"25":{"start":{"line":52,"column":8},"end":{"line":52,"column":null}},"26":{"start":{"line":55,"column":4},"end":{"line":61,"column":null}},"27":{"start":{"line":56,"column":12},"end":{"line":60,"column":null}},"28":{"start":{"line":57,"column":12},"end":{"line":57,"column":null}},"29":{"start":{"line":59,"column":12},"end":{"line":59,"column":null}},"30":{"start":{"line":63,"column":25},"end":{"line":63,"column":null}},"31":{"start":{"line":63,"column":37},"end":{"line":63,"column":83}},"32":{"start":{"line":64,"column":25},"end":{"line":64,"column":null}},"33":{"start":{"line":64,"column":37},"end":{"line":64,"column":83}},"34":{"start":{"line":66,"column":29},"end":{"line":72,"column":null}},"35":{"start":{"line":76,"column":25},"end":{"line":76,"column":null}},"36":{"start":{"line":76,"column":37},"end":{"line":76,"column":null}},"37":{"start":{"line":77,"column":28},"end":{"line":77,"column":30}},"38":{"start":{"line":79,"column":27},"end":{"line":82,"column":null}},"39":{"start":{"line":80,"column":9},"end":{"line":82,"column":11}},"40":{"start":{"line":86,"column":22},"end":{"line":86,"column":null}},"41":{"start":{"line":86,"column":1},"end":{"line":141,"column":null}},"42":{"start":{"line":87,"column":5},"end":{"line":87,"column":null}},"43":{"start":{"line":87,"column":34},"end":{"line":87,"column":null}},"44":{"start":{"line":88,"column":5},"end":{"line":96,"column":null}},"45":{"start":{"line":89,"column":52},"end":{"line":89,"column":66}},"46":{"start":{"line":89,"column":9},"end":{"line":89,"column":null}},"47":{"start":{"line":89,"column":66},"end":{"line":89,"column":null}},"48":{"start":{"line":89,"column":66},"end":{"line":89,"column":68}},"49":{"start":{"line":90,"column":9},"end":{"line":92,"column":null}},"50":{"start":{"line":91,"column":84},"end":{"line":91,"column":null}},"51":{"start":{"line":91,"column":36},"end":{"line":91,"column":84}},"52":{"start":{"line":91,"column":13},"end":{"line":91,"column":84}},"53":{"start":{"line":93,"column":122},"end":{"line":93,"column":null}},"54":{"start":{"line":93,"column":40},"end":{"line":93,"column":122}},"55":{"start":{"line":93,"column":17},"end":{"line":93,"column":122}},"56":{"start":{"line":92,"column":18},"end":{"line":92,"column":null}},"57":{"start":{"line":92,"column":24},"end":{"line":92,"column":null}},"58":{"start":{"line":97,"column":34},"end":{"line":97,"column":null}},"59":{"start":{"line":97,"column":17},"end":{"line":98,"column":115}},"60":{"start":{"line":98,"column":115},"end":{"line":98,"column":null}},"61":{"start":{"line":98,"column":44},"end":{"line":98,"column":115}},"62":{"start":{"line":98,"column":21},"end":{"line":98,"column":115}},"63":{"start":{"line":100,"column":110},"end":{"line":100,"column":null}},"64":{"start":{"line":100,"column":40},"end":{"line":100,"column":110}},"65":{"start":{"line":100,"column":17},"end":{"line":100,"column":110}},"66":{"start":{"line":102,"column":21},"end":{"line":124,"column":null}},"67":{"start":{"line":103,"column":25},"end":{"line":103,"column":null}},"68":{"start":{"line":103,"column":74},"end":{"line":103,"column":null}},"69":{"start":{"line":103,"column":74},"end":{"line":103,"column":76}},"70":{"start":{"line":104,"column":25},"end":{"line":110,"column":null}},"71":{"start":{"line":111,"column":43},"end":{"line":111,"column":null}},"72":{"start":{"line":105,"column":29},"end":{"line":110,"column":null}},"73":{"start":{"line":108,"column":41},"end":{"line":108,"column":null}},"74":{"start":{"line":109,"column":39},"end":{"line":109,"column":null}},"75":{"start":{"line":110,"column":51},"end":{"line":110,"column":null}},"76":{"start":{"line":114,"column":25},"end":{"line":114,"column":null}},"77":{"start":{"line":114,"column":74},"end":{"line":114,"column":null}},"78":{"start":{"line":114,"column":74},"end":{"line":114,"column":76}},"79":{"start":{"line":123,"column":37},"end":{"line":123,"column":null}},"80":{"start":{"line":125,"column":39},"end":{"line":125,"column":null}},"81":{"start":{"line":115,"column":25},"end":{"line":124,"column":null}},"82":{"start":{"line":119,"column":35},"end":{"line":119,"column":null}},"83":{"start":{"line":120,"column":53},"end":{"line":120,"column":93}},"84":{"start":{"line":120,"column":67},"end":{"line":120,"column":93}},"85":{"start":{"line":121,"column":33},"end":{"line":121,"column":null}},"86":{"start":{"line":124,"column":42},"end":{"line":124,"column":null}},"87":{"start":{"line":129,"column":83},"end":{"line":129,"column":null}},"88":{"start":{"line":129,"column":17},"end":{"line":131,"column":null}},"89":{"start":{"line":130,"column":21},"end":{"line":130,"column":null}},"90":{"start":{"line":130,"column":45},"end":{"line":130,"column":null}},"91":{"start":{"line":130,"column":45},"end":{"line":130,"column":47}},"92":{"start":{"line":131,"column":83},"end":{"line":131,"column":null}},"93":{"start":{"line":131,"column":21},"end":{"line":131,"column":null}},"94":{"start":{"line":134,"column":81},"end":{"line":134,"column":null}},"95":{"start":{"line":134,"column":17},"end":{"line":136,"column":null}},"96":{"start":{"line":135,"column":21},"end":{"line":135,"column":null}},"97":{"start":{"line":135,"column":57},"end":{"line":135,"column":null}},"98":{"start":{"line":135,"column":57},"end":{"line":135,"column":59}},"99":{"start":{"line":136,"column":99},"end":{"line":136,"column":null}},"100":{"start":{"line":136,"column":21},"end":{"line":136,"column":null}},"101":{"start":{"line":96,"column":18},"end":{"line":96,"column":null}},"102":{"start":{"line":96,"column":24},"end":{"line":96,"column":null}},"103":{"start":{"line":142,"column":9},"end":{"line":145,"column":90}},"104":{"start":{"line":143,"column":56},"end":{"line":143,"column":70}},"105":{"start":{"line":143,"column":13},"end":{"line":143,"column":null}},"106":{"start":{"line":143,"column":70},"end":{"line":143,"column":null}},"107":{"start":{"line":143,"column":70},"end":{"line":143,"column":72}},"108":{"start":{"line":144,"column":30},"end":{"line":144,"column":null}},"109":{"start":{"line":144,"column":13},"end":{"line":145,"column":90}},"110":{"start":{"line":145,"column":90},"end":{"line":145,"column":null}},"111":{"start":{"line":145,"column":40},"end":{"line":145,"column":90}},"112":{"start":{"line":145,"column":17},"end":{"line":145,"column":90}},"113":{"start":{"line":150,"column":13},"end":{"line":162,"column":null}},"114":{"start":{"line":151,"column":60},"end":{"line":151,"column":74}},"115":{"start":{"line":151,"column":17},"end":{"line":151,"column":null}},"116":{"start":{"line":151,"column":74},"end":{"line":151,"column":null}},"117":{"start":{"line":151,"column":74},"end":{"line":151,"column":76}},"118":{"start":{"line":152,"column":17},"end":{"line":162,"column":null}},"119":{"start":{"line":153,"column":21},"end":{"line":153,"column":null}},"120":{"start":{"line":153,"column":66},"end":{"line":153,"column":null}},"121":{"start":{"line":153,"column":66},"end":{"line":153,"column":68}},"122":{"start":{"line":157,"column":67},"end":{"line":157,"column":null}},"123":{"start":{"line":160,"column":39},"end":{"line":160,"column":null}},"124":{"start":{"line":154,"column":25},"end":{"line":159,"column":null}},"125":{"start":{"line":157,"column":37},"end":{"line":157,"column":67}},"126":{"start":{"line":158,"column":35},"end":{"line":158,"column":null}},"127":{"start":{"line":159,"column":49},"end":{"line":159,"column":65}},"128":{"start":{"line":159,"column":65},"end":{"line":159,"column":85}},"129":{"start":{"line":163,"column":25},"end":{"line":163,"column":null}},"130":{"start":{"line":163,"column":103},"end":{"line":163,"column":null}},"131":{"start":{"line":162,"column":25},"end":{"line":162,"column":null}},"132":{"start":{"line":162,"column":38},"end":{"line":162,"column":null}},"133":{"start":{"line":149,"column":14},"end":{"line":149,"column":null}},"134":{"start":{"line":149,"column":35},"end":{"line":149,"column":null}},"135":{"start":{"line":169,"column":9},"end":{"line":171,"column":null}},"136":{"start":{"line":170,"column":139},"end":{"line":170,"column":150}},"137":{"start":{"line":170,"column":13},"end":{"line":170,"column":null}},"138":{"start":{"line":170,"column":150},"end":{"line":170,"column":null}},"139":{"start":{"line":170,"column":150},"end":{"line":170,"column":152}},"140":{"start":{"line":171,"column":137},"end":{"line":171,"column":148}},"141":{"start":{"line":171,"column":13},"end":{"line":171,"column":null}},"142":{"start":{"line":171,"column":148},"end":{"line":171,"column":null}},"143":{"start":{"line":171,"column":148},"end":{"line":171,"column":150}},"144":{"start":{"line":141,"column":10},"end":{"line":141,"column":null}},"145":{"start":{"line":141,"column":16},"end":{"line":141,"column":null}}},"fnMap":{"0":{"name":"KiwiSaver","decl":{"start":{"line":1,"column":0},"end":{"line":1,"column":null}},"loc":{"start":{"line":1,"column":0},"end":{"line":84,"column":null}},"line":1},"1":{"name":"validateEsct","decl":{"start":{"line":20,"column":13},"end":{"line":20,"column":25}},"loc":{"start":{"line":20,"column":45},"end":{"line":25,"column":null}},"line":20},"2":{"name":"(anonymous_2)","decl":{"start":{"line":39,"column":23},"end":{"line":39,"column":null}},"loc":{"start":{"line":39,"column":23},"end":{"line":39,"column":null}},"line":39},"3":{"name":"(anonymous_3)","decl":{"start":{"line":47,"column":11},"end":{"line":47,"column":18}},"loc":{"start":{"line":47,"column":18},"end":{"line":53,"column":5}},"line":47},"4":{"name":"(anonymous_4)","decl":{"start":{"line":55,"column":11},"end":{"line":55,"column":18}},"loc":{"start":{"line":55,"column":18},"end":{"line":61,"column":5}},"line":55},"5":{"name":"(anonymous_5)","decl":{"start":{"line":63,"column":25},"end":{"line":63,"column":37}},"loc":{"start":{"line":63,"column":37},"end":{"line":63,"column":83}},"line":63},"6":{"name":"(anonymous_6)","decl":{"start":{"line":64,"column":25},"end":{"line":64,"column":37}},"loc":{"start":{"line":64,"column":37},"end":{"line":64,"column":83}},"line":64},"7":{"name":"(anonymous_7)","decl":{"start":{"line":76,"column":25},"end":{"line":76,"column":37}},"loc":{"start":{"line":76,"column":37},"end":{"line":76,"column":null}},"line":76},"8":{"name":"(anonymous_8)","decl":{"start":{"line":80,"column":9},"end":{"line":80,"column":24}},"loc":{"start":{"line":80,"column":9},"end":{"line":82,"column":11}},"line":80},"9":{"name":"(anonymous_9)","decl":{"start":{"line":86,"column":1},"end":{"line":86,"column":10}},"loc":{"start":{"line":86,"column":1},"end":{"line":141,"column":null}},"line":86},"10":{"name":"(anonymous_10)","decl":{"start":{"line":87,"column":5},"end":{"line":87,"column":16}},"loc":{"start":{"line":87,"column":5},"end":{"line":87,"column":null}},"line":87},"11":{"name":"(anonymous_11)","decl":{"start":{"line":88,"column":5},"end":{"line":88,"column":9}},"loc":{"start":{"line":88,"column":5},"end":{"line":96,"column":null}},"line":88},"12":{"name":"(anonymous_12)","decl":{"start":{"line":89,"column":9},"end":{"line":89,"column":19}},"loc":{"start":{"line":89,"column":9},"end":{"line":89,"column":null}},"line":89},"13":{"name":"(anonymous_13)","decl":{"start":{"line":89,"column":66},"end":{"line":89,"column":68}},"loc":{"start":{"line":89,"column":66},"end":{"line":89,"column":68}},"line":89},"14":{"name":"(anonymous_14)","decl":{"start":{"line":90,"column":9},"end":{"line":90,"column":14}},"loc":{"start":{"line":90,"column":9},"end":{"line":92,"column":null}},"line":90},"15":{"name":"(anonymous_15)","decl":{"start":{"line":91,"column":84},"end":{"line":91,"column":86}},"loc":{"start":{"line":91,"column":84},"end":{"line":91,"column":null}},"line":91},"16":{"name":"(anonymous_16)","decl":{"start":{"line":91,"column":13},"end":{"line":91,"column":21}},"loc":{"start":{"line":91,"column":13},"end":{"line":91,"column":84}},"line":91},"17":{"name":"(anonymous_17)","decl":{"start":{"line":91,"column":22},"end":{"line":91,"column":34}},"loc":{"start":{"line":91,"column":34},"end":{"line":91,"column":84}},"line":91},"18":{"name":"(anonymous_18)","decl":{"start":{"line":93,"column":122},"end":{"line":93,"column":124}},"loc":{"start":{"line":93,"column":122},"end":{"line":93,"column":null}},"line":93},"19":{"name":"(anonymous_19)","decl":{"start":{"line":93,"column":17},"end":{"line":93,"column":25}},"loc":{"start":{"line":93,"column":17},"end":{"line":93,"column":122}},"line":93},"20":{"name":"(anonymous_20)","decl":{"start":{"line":93,"column":26},"end":{"line":93,"column":38}},"loc":{"start":{"line":93,"column":38},"end":{"line":93,"column":122}},"line":93},"21":{"name":"(anonymous_21)","decl":{"start":{"line":97,"column":17},"end":{"line":97,"column":22}},"loc":{"start":{"line":97,"column":17},"end":{"line":98,"column":115}},"line":97},"22":{"name":"(anonymous_22)","decl":{"start":{"line":98,"column":115},"end":{"line":98,"column":117}},"loc":{"start":{"line":98,"column":115},"end":{"line":98,"column":null}},"line":98},"23":{"name":"(anonymous_23)","decl":{"start":{"line":98,"column":21},"end":{"line":98,"column":29}},"loc":{"start":{"line":98,"column":21},"end":{"line":98,"column":115}},"line":98},"24":{"name":"(anonymous_24)","decl":{"start":{"line":98,"column":30},"end":{"line":98,"column":42}},"loc":{"start":{"line":98,"column":42},"end":{"line":98,"column":115}},"line":98},"25":{"name":"(anonymous_25)","decl":{"start":{"line":100,"column":110},"end":{"line":100,"column":112}},"loc":{"start":{"line":100,"column":110},"end":{"line":100,"column":null}},"line":100},"26":{"name":"(anonymous_26)","decl":{"start":{"line":100,"column":17},"end":{"line":100,"column":25}},"loc":{"start":{"line":100,"column":17},"end":{"line":100,"column":110}},"line":100},"27":{"name":"(anonymous_27)","decl":{"start":{"line":100,"column":26},"end":{"line":100,"column":38}},"loc":{"start":{"line":100,"column":38},"end":{"line":100,"column":110}},"line":100},"28":{"name":"(anonymous_28)","decl":{"start":{"line":102,"column":21},"end":{"line":102,"column":26}},"loc":{"start":{"line":102,"column":21},"end":{"line":124,"column":null}},"line":102},"29":{"name":"(anonymous_29)","decl":{"start":{"line":103,"column":25},"end":{"line":103,"column":30}},"loc":{"start":{"line":103,"column":25},"end":{"line":103,"column":null}},"line":103},"30":{"name":"(anonymous_30)","decl":{"start":{"line":103,"column":74},"end":{"line":103,"column":76}},"loc":{"start":{"line":103,"column":74},"end":{"line":103,"column":76}},"line":103},"31":{"name":"(anonymous_31)","decl":{"start":{"line":104,"column":25},"end":{"line":104,"column":30}},"loc":{"start":{"line":104,"column":25},"end":{"line":110,"column":null}},"line":104},"32":{"name":"(anonymous_32)","decl":{"start":{"line":105,"column":29},"end":{"line":105,"column":35}},"loc":{"start":{"line":105,"column":29},"end":{"line":110,"column":null}},"line":105},"33":{"name":"(anonymous_33)","decl":{"start":{"line":110,"column":43},"end":{"line":110,"column":46}},"loc":{"start":{"line":110,"column":51},"end":{"line":110,"column":null}},"line":110},"34":{"name":"(anonymous_34)","decl":{"start":{"line":114,"column":25},"end":{"line":114,"column":30}},"loc":{"start":{"line":114,"column":25},"end":{"line":114,"column":null}},"line":114},"35":{"name":"(anonymous_35)","decl":{"start":{"line":114,"column":74},"end":{"line":114,"column":76}},"loc":{"start":{"line":114,"column":74},"end":{"line":114,"column":76}},"line":114},"36":{"name":"(anonymous_36)","decl":{"start":{"line":123,"column":37},"end":{"line":123,"column":54}},"loc":{"start":{"line":123,"column":37},"end":{"line":123,"column":null}},"line":123},"37":{"name":"(anonymous_37)","decl":{"start":{"line":115,"column":25},"end":{"line":115,"column":null}},"loc":{"start":{"line":115,"column":25},"end":{"line":124,"column":null}},"line":115},"38":{"name":"(anonymous_38)","decl":{"start":{"line":120,"column":39},"end":{"line":120,"column":42}},"loc":{"start":{"line":120,"column":47},"end":{"line":120,"column":94}},"line":120},"39":{"name":"(anonymous_39)","decl":{"start":{"line":129,"column":17},"end":{"line":129,"column":22}},"loc":{"start":{"line":129,"column":17},"end":{"line":131,"column":null}},"line":129},"40":{"name":"(anonymous_40)","decl":{"start":{"line":130,"column":21},"end":{"line":130,"column":26}},"loc":{"start":{"line":130,"column":21},"end":{"line":130,"column":null}},"line":130},"41":{"name":"(anonymous_41)","decl":{"start":{"line":130,"column":45},"end":{"line":130,"column":47}},"loc":{"start":{"line":130,"column":45},"end":{"line":130,"column":47}},"line":130},"42":{"name":"(anonymous_42)","decl":{"start":{"line":131,"column":21},"end":{"line":131,"column":27}},"loc":{"start":{"line":131,"column":21},"end":{"line":131,"column":null}},"line":131},"43":{"name":"(anonymous_43)","decl":{"start":{"line":131,"column":69},"end":{"line":131,"column":81}},"loc":{"start":{"line":131,"column":81},"end":{"line":131,"column":null}},"line":131},"44":{"name":"(anonymous_44)","decl":{"start":{"line":134,"column":17},"end":{"line":134,"column":22}},"loc":{"start":{"line":134,"column":17},"end":{"line":136,"column":null}},"line":134},"45":{"name":"(anonymous_45)","decl":{"start":{"line":135,"column":21},"end":{"line":135,"column":26}},"loc":{"start":{"line":135,"column":21},"end":{"line":135,"column":null}},"line":135},"46":{"name":"(anonymous_46)","decl":{"start":{"line":135,"column":57},"end":{"line":135,"column":59}},"loc":{"start":{"line":135,"column":57},"end":{"line":135,"column":59}},"line":135},"47":{"name":"(anonymous_47)","decl":{"start":{"line":136,"column":21},"end":{"line":136,"column":27}},"loc":{"start":{"line":136,"column":21},"end":{"line":136,"column":null}},"line":136},"48":{"name":"(anonymous_48)","decl":{"start":{"line":136,"column":85},"end":{"line":136,"column":97}},"loc":{"start":{"line":136,"column":97},"end":{"line":136,"column":null}},"line":136},"49":{"name":"(anonymous_49)","decl":{"start":{"line":142,"column":9},"end":{"line":142,"column":13}},"loc":{"start":{"line":142,"column":9},"end":{"line":145,"column":90}},"line":142},"50":{"name":"(anonymous_50)","decl":{"start":{"line":143,"column":13},"end":{"line":143,"column":23}},"loc":{"start":{"line":143,"column":13},"end":{"line":143,"column":null}},"line":143},"51":{"name":"(anonymous_51)","decl":{"start":{"line":143,"column":70},"end":{"line":143,"column":72}},"loc":{"start":{"line":143,"column":70},"end":{"line":143,"column":72}},"line":143},"52":{"name":"(anonymous_52)","decl":{"start":{"line":144,"column":13},"end":{"line":144,"column":18}},"loc":{"start":{"line":144,"column":13},"end":{"line":145,"column":90}},"line":144},"53":{"name":"(anonymous_53)","decl":{"start":{"line":145,"column":90},"end":{"line":145,"column":92}},"loc":{"start":{"line":145,"column":90},"end":{"line":145,"column":null}},"line":145},"54":{"name":"(anonymous_54)","decl":{"start":{"line":145,"column":17},"end":{"line":145,"column":25}},"loc":{"start":{"line":145,"column":17},"end":{"line":145,"column":90}},"line":145},"55":{"name":"(anonymous_55)","decl":{"start":{"line":145,"column":26},"end":{"line":145,"column":38}},"loc":{"start":{"line":145,"column":38},"end":{"line":145,"column":90}},"line":145},"56":{"name":"(anonymous_56)","decl":{"start":{"line":150,"column":13},"end":{"line":150,"column":17}},"loc":{"start":{"line":150,"column":13},"end":{"line":162,"column":null}},"line":150},"57":{"name":"(anonymous_57)","decl":{"start":{"line":151,"column":17},"end":{"line":151,"column":27}},"loc":{"start":{"line":151,"column":17},"end":{"line":151,"column":null}},"line":151},"58":{"name":"(anonymous_58)","decl":{"start":{"line":151,"column":74},"end":{"line":151,"column":76}},"loc":{"start":{"line":151,"column":74},"end":{"line":151,"column":76}},"line":151},"59":{"name":"(anonymous_59)","decl":{"start":{"line":152,"column":17},"end":{"line":152,"column":22}},"loc":{"start":{"line":152,"column":17},"end":{"line":162,"column":null}},"line":152},"60":{"name":"(anonymous_60)","decl":{"start":{"line":153,"column":21},"end":{"line":153,"column":26}},"loc":{"start":{"line":153,"column":21},"end":{"line":153,"column":null}},"line":153},"61":{"name":"(anonymous_61)","decl":{"start":{"line":153,"column":66},"end":{"line":153,"column":68}},"loc":{"start":{"line":153,"column":66},"end":{"line":153,"column":68}},"line":153},"62":{"name":"(anonymous_62)","decl":{"start":{"line":157,"column":67},"end":{"line":157,"column":69}},"loc":{"start":{"line":157,"column":67},"end":{"line":157,"column":null}},"line":157},"63":{"name":"(anonymous_63)","decl":{"start":{"line":154,"column":25},"end":{"line":154,"column":31}},"loc":{"start":{"line":154,"column":25},"end":{"line":159,"column":null}},"line":154},"64":{"name":"(anonymous_64)","decl":{"start":{"line":159,"column":39},"end":{"line":159,"column":42}},"loc":{"start":{"line":159,"column":47},"end":{"line":159,"column":86}},"line":159},"65":{"name":"(anonymous_65)","decl":{"start":{"line":163,"column":25},"end":{"line":163,"column":35}},"loc":{"start":{"line":163,"column":25},"end":{"line":163,"column":null}},"line":163},"66":{"name":"(anonymous_66)","decl":{"start":{"line":163,"column":103},"end":{"line":163,"column":116}},"loc":{"start":{"line":163,"column":103},"end":{"line":163,"column":null}},"line":163},"67":{"name":"(anonymous_67)","decl":{"start":{"line":169,"column":9},"end":{"line":169,"column":14}},"loc":{"start":{"line":169,"column":9},"end":{"line":171,"column":null}},"line":169},"68":{"name":"(anonymous_68)","decl":{"start":{"line":170,"column":13},"end":{"line":170,"column":19}},"loc":{"start":{"line":170,"column":13},"end":{"line":170,"column":null}},"line":170},"69":{"name":"(anonymous_69)","decl":{"start":{"line":170,"column":150},"end":{"line":170,"column":152}},"loc":{"start":{"line":170,"column":150},"end":{"line":170,"column":152}},"line":170},"70":{"name":"(anonymous_70)","decl":{"start":{"line":171,"column":13},"end":{"line":171,"column":19}},"loc":{"start":{"line":171,"column":13},"end":{"line":171,"column":null}},"line":171},"71":{"name":"(anonymous_71)","decl":{"start":{"line":171,"column":148},"end":{"line":171,"column":150}},"loc":{"start":{"line":171,"column":148},"end":{"line":171,"column":150}},"line":171}},"branchMap":{"0":{"loc":{"start":{"line":21,"column":13},"end":{"line":24,"column":null}},"type":"if","locations":[{"start":{"line":21,"column":13},"end":{"line":24,"column":null}},{"start":{},"end":{}}],"line":21},"1":{"loc":{"start":{"line":21,"column":13},"end":{"line":21,"column":49}},"type":"binary-expr","locations":[{"start":{"line":21,"column":13},"end":{"line":21,"column":39}},{"start":{"line":21,"column":34},"end":{"line":21,"column":49}}],"line":21},"2":{"loc":{"start":{"line":48,"column":12},"end":{"line":51,"column":null}},"type":"if","locations":[{"start":{"line":48,"column":12},"end":{"line":51,"column":null}},{"start":{},"end":{}}],"line":48},"3":{"loc":{"start":{"line":48,"column":12},"end":{"line":48,"column":69}},"type":"binary-expr","locations":[{"start":{"line":48,"column":12},"end":{"line":48,"column":44}},{"start":{"line":48,"column":39},"end":{"line":48,"column":69}}],"line":48},"4":{"loc":{"start":{"line":56,"column":12},"end":{"line":60,"column":null}},"type":"if","locations":[{"start":{"line":56,"column":12},"end":{"line":60,"column":null}},{"start":{"line":58,"column":15},"end":{"line":60,"column":null}}],"line":56},"5":{"loc":{"start":{"line":63,"column":37},"end":{"line":63,"column":83}},"type":"binary-expr","locations":[{"start":{"line":63,"column":37},"end":{"line":63,"column":82}},{"start":{"line":63,"column":82},"end":{"line":63,"column":83}}],"line":63},"6":{"loc":{"start":{"line":64,"column":37},"end":{"line":64,"column":83}},"type":"binary-expr","locations":[{"start":{"line":64,"column":37},"end":{"line":64,"column":82}},{"start":{"line":64,"column":82},"end":{"line":64,"column":83}}],"line":64},"7":{"loc":{"start":{"line":67,"column":12},"end":{"line":67,"column":null}},"type":"cond-expr","locations":[{"start":{"line":67,"column":35},"end":{"line":67,"column":null}},{"start":{"line":67,"column":65},"end":{"line":67,"column":null}}],"line":67},"8":{"loc":{"start":{"line":76,"column":37},"end":{"line":76,"column":null}},"type":"cond-expr","locations":[{"start":{"line":76,"column":62},"end":{"line":76,"column":65}},{"start":{"line":76,"column":68},"end":{"line":76,"column":null}}],"line":76},"9":{"loc":{"start":{"line":80,"column":9},"end":{"line":82,"column":11}},"type":"cond-expr","locations":[{"start":{"line":81,"column":10},"end":{"line":81,"column":null}},{"start":{"line":82,"column":10},"end":{"line":82,"column":11}}],"line":80},"10":{"loc":{"start":{"line":80,"column":9},"end":{"line":80,"column":null}},"type":"binary-expr","locations":[{"start":{"line":80,"column":9},"end":{"line":80,"column":46}},{"start":{"line":80,"column":42},"end":{"line":80,"column":null}}],"line":80},"11":{"loc":{"start":{"line":92,"column":18},"end":{"line":92,"column":null}},"type":"if","locations":[{"start":{"line":92,"column":18},"end":{"line":92,"column":null}},{"start":{},"end":{}}],"line":92},"12":{"loc":{"start":{"line":120,"column":53},"end":{"line":120,"column":93}},"type":"if","locations":[{"start":{"line":120,"column":53},"end":{"line":120,"column":93}},{"start":{},"end":{}}],"line":120},"13":{"loc":{"start":{"line":96,"column":18},"end":{"line":96,"column":null}},"type":"if","locations":[{"start":{"line":96,"column":18},"end":{"line":96,"column":null}},{"start":{},"end":{}}],"line":96},"14":{"loc":{"start":{"line":162,"column":25},"end":{"line":162,"column":null}},"type":"if","locations":[{"start":{"line":162,"column":25},"end":{"line":162,"column":null}},{"start":{},"end":{}}],"line":162},"15":{"loc":{"start":{"line":149,"column":14},"end":{"line":149,"column":null}},"type":"if","locations":[{"start":{"line":149,"column":14},"end":{"line":149,"column":null}},{"start":{},"end":{}}],"line":149},"16":{"loc":{"start":{"line":141,"column":10},"end":{"line":141,"column":null}},"type":"if","locations":[{"start":{"line":141,"column":10},"end":{"line":141,"column":null}},{"start":{},"end":{}}],"line":141}},"s":{"0":6,"1":6,"2":1,"3":1,"4":1,"5":6,"6":6,"7":6,"8":6,"9":6,"10":6,"11":6,"12":6,"13":6,"14":6,"15":6,"16":0,"17":6,"18":6,"19":6,"20":6,"21":6,"22":6,"23":0,"24":0,"25":6,"26":6,"27":7,"28":1,"29":6,"30":6,"31":6,"32":6,"33":5,"34":6,"35":6,"36":5,"37":6,"38":6,"39":6,"40":6,"41":6,"42":6,"43":6,"44":6,"45":6,"46":6,"47":6,"48":6,"49":6,"50":6,"51":0,"52":6,"53":5,"54":0,"55":5,"56":6,"57":5,"58":5,"59":5,"60":5,"61":0,"62":5,"63":5,"64":0,"65":5,"66":5,"67":5,"68":5,"69":5,"70":5,"71":5,"72":5,"73":11,"74":15,"75":0,"76":5,"77":5,"78":5,"79":5,"80":5,"81":5,"82":12,"83":2,"84":1,"85":6,"86":5,"87":5,"88":5,"89":5,"90":5,"91":5,"92":0,"93":5,"94":5,"95":5,"96":5,"97":5,"98":5,"99":1,"100":5,"101":6,"102":5,"103":5,"104":5,"105":5,"106":5,"107":5,"108":5,"109":5,"110":5,"111":0,"112":5,"113":5,"114":5,"115":5,"116":5,"117":5,"118":5,"119":5,"120":5,"121":5,"122":5,"123":5,"124":5,"125":12,"126":15,"127":0,"128":0,"129":1,"130":1,"131":6,"132":1,"133":6,"134":5,"135":5,"136":5,"137":5,"138":5,"139":5,"140":5,"141":5,"142":5,"143":5,"144":6,"145":5},"f":{"0":6,"1":1,"2":0,"3":6,"4":7,"5":6,"6":5,"7":5,"8":6,"9":6,"10":6,"11":6,"12":6,"13":12,"14":6,"15":6,"16":6,"17":24,"18":5,"19":5,"20":20,"21":5,"22":5,"23":5,"24":20,"25":5,"26":5,"27":20,"28":5,"29":5,"30":10,"31":5,"32":5,"33":0,"34":5,"35":10,"36":5,"37":5,"38":2,"39":5,"40":5,"41":10,"42":5,"43":25,"44":5,"45":5,"46":10,"47":5,"48":31,"49":5,"50":5,"51":10,"52":5,"53":5,"54":5,"55":20,"56":5,"57":5,"58":10,"59":5,"60":5,"61":10,"62":5,"63":5,"64":0,"65":1,"66":1,"67":5,"68":5,"69":10,"70":5,"71":10},"b":{"0":[1,0],"1":[1,1],"2":[0,6],"3":[6,0],"4":[1,6],"5":[6,0],"6":[5,0],"7":[0,5],"8":[0,5],"9":[0,6],"10":[6,6],"11":[5,1],"12":[1,1],"13":[5,1],"14":[1,5],"15":[5,1],"16":[5,1]},"meta":{"lastBranch":17,"lastFunction":72,"lastStatement":146,"seen":{"f:1:0:1:Infinity":0,"s:17:70:17:Infinity":0,"s:19:21:19:Infinity":1,"f:20:13:20:25":1,"b:21:13:24:Infinity:undefined:undefined:undefined:undefined":0,"s:21:13:24:Infinity":2,"b:21:13:21:39:21:34:21:49":1,"s:22:12:22:Infinity":3,"s:23:12:23:Infinity":4,"s:28:10:28:Infinity":5,"s:29:14:29:Infinity":6,"s:30:31:30:Infinity":7,"s:31:21:31:Infinity":8,"s:32:25:32:Infinity":9,"s:33:20:33:Infinity":10,"s:34:20:34:Infinity":11,"s:35:25:35:Infinity":12,"s:36:29:36:Infinity":13,"s:37:18:37:Infinity":14,"s:38:16:38:Infinity":15,"s:39:23:39:Infinity":16,"f:39:23:39:Infinity":2,"s:42:35:42:Infinity":17,"s:43:4:43:Infinity":18,"s:44:4:44:Infinity":19,"s:45:4:45:Infinity":20,"s:47:4:53:Infinity":21,"f:47:11:47:18":3,"b:48:12:51:Infinity:undefined:undefined:undefined:undefined":2,"s:48:12:51:Infinity":22,"b:48:12:48:44:48:39:48:69":3,"s:49:12:49:Infinity":23,"s:50:12:50:Infinity":24,"s:52:8:52:Infinity":25,"s:55:4:61:Infinity":26,"f:55:11:55:18":4,"b:56:12:60:Infinity:58:15:60:Infinity":4,"s:56:12:60:Infinity":27,"s:57:12:57:Infinity":28,"s:59:12:59:Infinity":29,"s:63:25:63:Infinity":30,"f:63:25:63:37":5,"s:63:37:63:83":31,"b:63:37:63:82:63:82:63:83":5,"s:64:25:64:Infinity":32,"f:64:25:64:37":6,"s:64:37:64:83":33,"b:64:37:64:82:64:82:64:83":6,"s:66:29:72:Infinity":34,"b:67:35:67:Infinity:67:65:67:Infinity":7,"s:76:25:76:Infinity":35,"f:76:25:76:37":7,"s:76:37:76:Infinity":36,"b:76:62:76:65:76:68:76:Infinity":8,"s:77:28:77:30":37,"s:79:27:82:Infinity":38,"f:80:9:80:24":8,"s:80:9:82:11":39,"b:81:10:81:Infinity:82:10:82:11":9,"b:80:9:80:46:80:42:80:Infinity":10,"s:86:22:86:Infinity":40,"f:86:1:86:10":9,"s:86:1:141:Infinity":41,"f:87:5:87:16":10,"s:87:5:87:Infinity":42,"s:87:34:87:Infinity":43,"f:88:5:88:9":11,"s:88:5:96:Infinity":44,"s:89:52:89:66":45,"f:89:9:89:19":12,"s:89:9:89:Infinity":46,"s:89:66:89:Infinity":47,"f:89:66:89:68":13,"s:89:66:89:68":48,"f:90:9:90:14":14,"s:90:9:92:Infinity":49,"s:91:84:91:Infinity":50,"f:91:84:91:86":15,"s:91:36:91:84":51,"f:91:13:91:21":16,"s:91:13:91:84":52,"f:91:22:91:34":17,"s:93:122:93:Infinity":53,"f:93:122:93:124":18,"s:93:40:93:122":54,"f:93:17:93:25":19,"s:93:17:93:122":55,"f:93:26:93:38":20,"b:92:18:92:Infinity:undefined:undefined:undefined:undefined":11,"s:92:18:92:Infinity":56,"s:92:24:92:Infinity":57,"s:97:34:97:Infinity":58,"f:97:17:97:22":21,"s:97:17:98:115":59,"s:98:115:98:Infinity":60,"f:98:115:98:117":22,"s:98:44:98:115":61,"f:98:21:98:29":23,"s:98:21:98:115":62,"f:98:30:98:42":24,"s:100:110:100:Infinity":63,"f:100:110:100:112":25,"s:100:40:100:110":64,"f:100:17:100:25":26,"s:100:17:100:110":65,"f:100:26:100:38":27,"f:102:21:102:26":28,"s:102:21:124:Infinity":66,"f:103:25:103:30":29,"s:103:25:103:Infinity":67,"s:103:74:103:Infinity":68,"f:103:74:103:76":30,"s:103:74:103:76":69,"f:104:25:104:30":31,"s:104:25:110:Infinity":70,"s:111:43:111:Infinity":71,"f:105:29:105:35":32,"s:105:29:110:Infinity":72,"s:108:41:108:Infinity":73,"s:109:39:109:Infinity":74,"f:110:43:110:46":33,"s:110:51:110:Infinity":75,"f:114:25:114:30":34,"s:114:25:114:Infinity":76,"s:114:74:114:Infinity":77,"f:114:74:114:76":35,"s:114:74:114:76":78,"s:123:37:123:Infinity":79,"f:123:37:123:54":36,"s:125:39:125:Infinity":80,"f:115:25:115:Infinity":37,"s:115:25:124:Infinity":81,"s:119:35:119:Infinity":82,"f:120:39:120:42":38,"b:120:53:120:93:undefined:undefined:undefined:undefined":12,"s:120:53:120:93":83,"s:120:67:120:93":84,"s:121:33:121:Infinity":85,"s:124:42:124:Infinity":86,"s:129:83:129:Infinity":87,"f:129:17:129:22":39,"s:129:17:131:Infinity":88,"f:130:21:130:26":40,"s:130:21:130:Infinity":89,"s:130:45:130:Infinity":90,"f:130:45:130:47":41,"s:130:45:130:47":91,"s:131:83:131:Infinity":92,"f:131:21:131:27":42,"s:131:21:131:Infinity":93,"f:131:69:131:81":43,"s:134:81:134:Infinity":94,"f:134:17:134:22":44,"s:134:17:136:Infinity":95,"f:135:21:135:26":45,"s:135:21:135:Infinity":96,"s:135:57:135:Infinity":97,"f:135:57:135:59":46,"s:135:57:135:59":98,"s:136:99:136:Infinity":99,"f:136:21:136:27":47,"s:136:21:136:Infinity":100,"f:136:85:136:97":48,"b:96:18:96:Infinity:undefined:undefined:undefined:undefined":13,"s:96:18:96:Infinity":101,"s:96:24:96:Infinity":102,"f:142:9:142:13":49,"s:142:9:145:90":103,"s:143:56:143:70":104,"f:143:13:143:23":50,"s:143:13:143:Infinity":105,"s:143:70:143:Infinity":106,"f:143:70:143:72":51,"s:143:70:143:72":107,"s:144:30:144:Infinity":108,"f:144:13:144:18":52,"s:144:13:145:90":109,"s:145:90:145:Infinity":110,"f:145:90:145:92":53,"s:145:40:145:90":111,"f:145:17:145:25":54,"s:145:17:145:90":112,"f:145:26:145:38":55,"f:150:13:150:17":56,"s:150:13:162:Infinity":113,"s:151:60:151:74":114,"f:151:17:151:27":57,"s:151:17:151:Infinity":115,"s:151:74:151:Infinity":116,"f:151:74:151:76":58,"s:151:74:151:76":117,"f:152:17:152:22":59,"s:152:17:162:Infinity":118,"f:153:21:153:26":60,"s:153:21:153:Infinity":119,"s:153:66:153:Infinity":120,"f:153:66:153:68":61,"s:153:66:153:68":121,"s:157:67:157:Infinity":122,"f:157:67:157:69":62,"s:160:39:160:Infinity":123,"f:154:25:154:31":63,"s:154:25:159:Infinity":124,"s:157:37:157:67":125,"s:158:35:158:Infinity":126,"f:159:39:159:42":64,"s:159:49:159:65":127,"s:159:65:159:85":128,"f:163:25:163:35":65,"s:163:25:163:Infinity":129,"s:163:103:163:Infinity":130,"f:163:103:163:116":66,"b:162:25:162:Infinity:undefined:undefined:undefined:undefined":14,"s:162:25:162:Infinity":131,"s:162:38:162:Infinity":132,"b:149:14:149:Infinity:undefined:undefined:undefined:undefined":15,"s:149:14:149:Infinity":133,"s:149:35:149:Infinity":134,"f:169:9:169:14":67,"s:169:9:171:Infinity":135,"s:170:139:170:150":136,"f:170:13:170:19":68,"s:170:13:170:Infinity":137,"s:170:150:170:Infinity":138,"f:170:150:170:152":69,"s:170:150:170:152":139,"s:171:137:171:148":140,"f:171:13:171:19":70,"s:171:13:171:Infinity":141,"s:171:148:171:Infinity":142,"f:171:148:171:150":71,"s:171:148:171:150":143,"b:141:10:141:Infinity:undefined:undefined:undefined:undefined":16,"s:141:10:141:Infinity":144,"s:141:16:141:Infinity":145}}}
}
